# JRE version: OpenJDK Runtime Environment (8.0_202-b03) (build 1.8.0_202-release-1483-b03)
# Java VM: OpenJDK 64-Bit Server VM (25.202-b03 mixed mode windows-amd64 compressed oops)
Heap:
 PSYoungGen      total 201216K, used 144269K [0x00000000e0000000, 0x00000000ee880000, 0x0000000100000000)
  eden space 182784K, 78% used [0x00000000e0000000,0x00000000e8ce34f8,0x00000000eb280000)
  from space 18432K, 0% used [0x00000000ec580000,0x00000000ec580000,0x00000000ed780000)
  to   space 19456K, 0% used [0x00000000eb280000,0x00000000eb280000,0x00000000ec580000)
 ParOldGen       total 125440K, used 27933K [0x00000000a0000000, 0x00000000a7a80000, 0x00000000e0000000)
  object space 125440K, 22% used [0x00000000a0000000,0x00000000a1b47568,0x00000000a7a80000)
 Metaspace       used 62036K, capacity 63858K, committed 64088K, reserved 1105920K
  class space    used 8109K, capacity 8527K, committed 8576K, reserved 1048576K
GC Heap History (10 events):
Event: 12.898 GC heap before
{Heap before GC invocations=11 (full 2):
 PSYoungGen      total 121344K, used 9983K [0x00000000e0000000, 0x00000000eab80000, 0x0000000100000000)
  eden space 110592K, 0% used [0x00000000e0000000,0x00000000e0000000,0x00000000e6c00000)
  from space 10752K, 92% used [0x00000000e6c00000,0x00000000e75bff70,0x00000000e7680000)
  to   space 11776K, 0% used [0x00000000ea000000,0x00000000ea000000,0x00000000eab80000)
 ParOldGen       total 56320K, used 7737K [0x00000000a0000000, 0x00000000a3700000, 0x00000000e0000000)
  object space 56320K, 13% used [0x00000000a0000000,0x00000000a078e710,0x00000000a3700000)
 Metaspace       used 34600K, capacity 35280K, committed 35416K, reserved 1079296K
  class space    used 4750K, capacity 4941K, committed 4992K, reserved 1048576K
Event: 13.030 GC heap after
Heap after GC invocations=11 (full 2):
 PSYoungGen      total 121344K, used 0K [0x00000000e0000000, 0x00000000eab80000, 0x0000000100000000)
  eden space 110592K, 0% used [0x00000000e0000000,0x00000000e0000000,0x00000000e6c00000)
  from space 10752K, 0% used [0x00000000e6c00000,0x00000000e6c00000,0x00000000e7680000)
  to   space 11776K, 0% used [0x00000000ea000000,0x00000000ea000000,0x00000000eab80000)
 ParOldGen       total 86528K, used 16548K [0x00000000a0000000, 0x00000000a5480000, 0x00000000e0000000)
  object space 86528K, 19% used [0x00000000a0000000,0x00000000a1029070,0x00000000a5480000)
 Metaspace       used 34585K, capacity 35232K, committed 35416K, reserved 1079296K
  class space    used 4746K, capacity 4933K, committed 4992K, reserved 1048576K
}
Event: 16.180 GC heap before
{Heap before GC invocations=12 (full 2):
 PSYoungGen      total 121344K, used 110592K [0x00000000e0000000, 0x00000000eab80000, 0x0000000100000000)
  eden space 110592K, 100% used [0x00000000e0000000,0x00000000e6c00000,0x00000000e6c00000)
  from space 10752K, 0% used [0x00000000e6c00000,0x00000000e6c00000,0x00000000e7680000)
  to   space 11776K, 0% used [0x00000000ea000000,0x00000000ea000000,0x00000000eab80000)
 ParOldGen       total 86528K, used 16548K [0x00000000a0000000, 0x00000000a5480000, 0x00000000e0000000)
  object space 86528K, 19% used [0x00000000a0000000,0x00000000a1029070,0x00000000a5480000)
 Metaspace       used 45111K, capacity 46112K, committed 46296K, reserved 1089536K
  class space    used 6081K, capacity 6357K, committed 6400K, reserved 1048576K
Event: 16.212 GC heap after
Heap after GC invocations=12 (full 2):
 PSYoungGen      total 154624K, used 11744K [0x00000000e0000000, 0x00000000eab80000, 0x0000000100000000)
  eden space 142848K, 0% used [0x00000000e0000000,0x00000000e0000000,0x00000000e8b80000)
  from space 11776K, 99% used [0x00000000ea000000,0x00000000eab78388,0x00000000eab80000)
  to   space 13824K, 0% used [0x00000000e9080000,0x00000000e9080000,0x00000000e9e00000)
 ParOldGen       total 86528K, used 19618K [0x00000000a0000000, 0x00000000a5480000, 0x00000000e0000000)
  object space 86528K, 22% used [0x00000000a0000000,0x00000000a1328ba0,0x00000000a5480000)
 Metaspace       used 45111K, capacity 46112K, committed 46296K, reserved 1089536K
  class space    used 6081K, capacity 6357K, committed 6400K, reserved 1048576K
}
Event: 19.886 GC heap before
{Heap before GC invocations=13 (full 2):
 PSYoungGen      total 154624K, used 154592K [0x00000000e0000000, 0x00000000eab80000, 0x0000000100000000)
  eden space 142848K, 100% used [0x00000000e0000000,0x00000000e8b80000,0x00000000e8b80000)
  from space 11776K, 99% used [0x00000000ea000000,0x00000000eab78388,0x00000000eab80000)
  to   space 13824K, 0% used [0x00000000e9080000,0x00000000e9080000,0x00000000e9e00000)
 ParOldGen       total 86528K, used 19618K [0x00000000a0000000, 0x00000000a5480000, 0x00000000e0000000)
  object space 86528K, 22% used [0x00000000a0000000,0x00000000a1328ba0,0x00000000a5480000)
 Metaspace       used 56854K, capacity 58660K, committed 58968K, reserved 1099776K
  class space    used 7778K, capacity 8193K, committed 8320K, reserved 1048576K
Event: 19.925 GC heap after
Heap after GC invocations=13 (full 2):
 PSYoungGen      total 161792K, used 13807K [0x00000000e0000000, 0x00000000ed780000, 0x0000000100000000)
  eden space 147968K, 0% used [0x00000000e0000000,0x00000000e0000000,0x00000000e9080000)
  from space 13824K, 99% used [0x00000000e9080000,0x00000000e9dfbf30,0x00000000e9e00000)
  to   space 18432K, 0% used [0x00000000ec580000,0x00000000ec580000,0x00000000ed780000)
 ParOldGen       total 86528K, used 28076K [0x00000000a0000000, 0x00000000a5480000, 0x00000000e0000000)
  object space 86528K, 32% used [0x00000000a0000000,0x00000000a1b6b118,0x00000000a5480000)
 Metaspace       used 56854K, capacity 58660K, committed 58968K, reserved 1099776K
  class space    used 7778K, capacity 8193K, committed 8320K, reserved 1048576K
}
Event: 20.125 GC heap before
{Heap before GC invocations=14 (full 2):
 PSYoungGen      total 161792K, used 23518K [0x00000000e0000000, 0x00000000ed780000, 0x0000000100000000)
  eden space 147968K, 6% used [0x00000000e0000000,0x00000000e097bba8,0x00000000e9080000)
  from space 13824K, 99% used [0x00000000e9080000,0x00000000e9dfbf30,0x00000000e9e00000)
  to   space 18432K, 0% used [0x00000000ec580000,0x00000000ec580000,0x00000000ed780000)
 ParOldGen       total 86528K, used 28076K [0x00000000a0000000, 0x00000000a5480000, 0x00000000e0000000)
  object space 86528K, 32% used [0x00000000a0000000,0x00000000a1b6b118,0x00000000a5480000)
 Metaspace       used 57071K, capacity 58828K, committed 58968K, reserved 1099776K
  class space    used 7799K, capacity 8201K, committed 8320K, reserved 1048576K
Event: 20.132 GC heap after
Heap after GC invocations=14 (full 2):
 PSYoungGen      total 201216K, used 736K [0x00000000e0000000, 0x00000000ee880000, 0x0000000100000000)
  eden space 182784K, 0% used [0x00000000e0000000,0x00000000e0000000,0x00000000eb280000)
  from space 18432K, 3% used [0x00000000ec580000,0x00000000ec638000,0x00000000ed780000)
  to   space 19456K, 0% used [0x00000000eb280000,0x00000000eb280000,0x00000000ec580000)
 ParOldGen       total 86528K, used 34086K [0x00000000a0000000, 0x00000000a5480000, 0x00000000e0000000)
  object space 86528K, 39% used [0x00000000a0000000,0x00000000a2149ad0,0x00000000a5480000)
 Metaspace       used 57071K, capacity 58828K, committed 58968K, reserved 1099776K
  class space    used 7799K, capacity 8201K, committed 8320K, reserved 1048576K
}
Event: 20.132 GC heap before
{Heap before GC invocations=15 (full 3):
 PSYoungGen      total 201216K, used 736K [0x00000000e0000000, 0x00000000ee880000, 0x0000000100000000)
  eden space 182784K, 0% used [0x00000000e0000000,0x00000000e0000000,0x00000000eb280000)
  from space 18432K, 3% used [0x00000000ec580000,0x00000000ec638000,0x00000000ed780000)
  to   space 19456K, 0% used [0x00000000eb280000,0x00000000eb280000,0x00000000ec580000)
 ParOldGen       total 86528K, used 34086K [0x00000000a0000000, 0x00000000a5480000, 0x00000000e0000000)
  object space 86528K, 39% used [0x00000000a0000000,0x00000000a2149ad0,0x00000000a5480000)
 Metaspace       used 57071K, capacity 58828K, committed 58968K, reserved 1099776K
  class space    used 7799K, capacity 8201K, committed 8320K, reserved 1048576K
Event: 20.478 GC heap after
Heap after GC invocations=15 (full 3):
 PSYoungGen      total 201216K, used 0K [0x00000000e0000000, 0x00000000ee880000, 0x0000000100000000)
  eden space 182784K, 0% used [0x00000000e0000000,0x00000000e0000000,0x00000000eb280000)
  from space 18432K, 0% used [0x00000000ec580000,0x00000000ec580000,0x00000000ed780000)
  to   space 19456K, 0% used [0x00000000eb280000,0x00000000eb280000,0x00000000ec580000)
 ParOldGen       total 125440K, used 27933K [0x00000000a0000000, 0x00000000a7a80000, 0x00000000e0000000)
  object space 125440K, 22% used [0x00000000a0000000,0x00000000a1b47568,0x00000000a7a80000)
 Metaspace       used 56946K, capacity 58452K, committed 58968K, reserved 1099776K
  class space    used 7758K, capacity 8129K, committed 8320K, reserved 1048576K
}

