# JRE version: OpenJDK Runtime Environment (8.0_202-b03) (build 1.8.0_202-release-1483-b03)
# Java VM: OpenJDK 64-Bit Server VM (25.202-b03 mixed mode windows-amd64 compressed oops)
Heap:
 PSYoungGen      total 271360K, used 207300K [0x00000000e0000000, 0x00000000f5880000, 0x0000000100000000)
  eden space 253952K, 76% used [0x00000000e0000000,0x00000000ebed50c8,0x00000000ef800000)
  from space 17408K, 68% used [0x00000000ef800000,0x00000000f039c010,0x00000000f0900000)
  to   space 17920K, 0% used [0x00000000f4700000,0x00000000f4700000,0x00000000f5880000)
 ParOldGen       total 100352K, used 51251K [0x00000000a0000000, 0x00000000a6200000, 0x00000000e0000000)
  object space 100352K, 51% used [0x00000000a0000000,0x00000000a320cf40,0x00000000a6200000)
 Metaspace       used 81480K, capacity 87036K, committed 87256K, reserved 1124352K
  class space    used 10533K, capacity 11484K, committed 11520K, reserved 1048576K
GC Heap History (10 events):
Event: 43.307 GC heap before
{Heap before GC invocations=18 (full 3):
 PSYoungGen      total 146432K, used 288K [0x00000000e0000000, 0x00000000ee680000, 0x0000000100000000)
  eden space 132608K, 0% used [0x00000000e0000000,0x00000000e0000000,0x00000000e8180000)
  from space 13824K, 2% used [0x00000000e8180000,0x00000000e81c8000,0x00000000e8f00000)
  to   space 14336K, 0% used [0x00000000ed880000,0x00000000ed880000,0x00000000ee680000)
 ParOldGen       total 78848K, used 29240K [0x00000000a0000000, 0x00000000a4d00000, 0x00000000e0000000)
  object space 78848K, 37% used [0x00000000a0000000,0x00000000a1c8e2b0,0x00000000a4d00000)
 Metaspace       used 57000K, capacity 58844K, committed 59028K, reserved 1099776K
  class space    used 7781K, capacity 8192K, committed 8192K, reserved 1048576K
Event: 43.763 GC heap after
Heap after GC invocations=18 (full 3):
 PSYoungGen      total 146432K, used 0K [0x00000000e0000000, 0x00000000ee680000, 0x0000000100000000)
  eden space 132608K, 0% used [0x00000000e0000000,0x00000000e0000000,0x00000000e8180000)
  from space 13824K, 0% used [0x00000000e8180000,0x00000000e8180000,0x00000000e8f00000)
  to   space 14336K, 0% used [0x00000000ed880000,0x00000000ed880000,0x00000000ee680000)
 ParOldGen       total 100352K, used 28098K [0x00000000a0000000, 0x00000000a6200000, 0x00000000e0000000)
  object space 100352K, 27% used [0x00000000a0000000,0x00000000a1b70a28,0x00000000a6200000)
 Metaspace       used 56877K, capacity 58470K, committed 59028K, reserved 1099776K
  class space    used 7741K, capacity 8123K, committed 8192K, reserved 1048576K
}
Event: 79.185 GC heap before
{Heap before GC invocations=19 (full 3):
 PSYoungGen      total 146432K, used 132608K [0x00000000e0000000, 0x00000000ee680000, 0x0000000100000000)
  eden space 132608K, 100% used [0x00000000e0000000,0x00000000e8180000,0x00000000e8180000)
  from space 13824K, 0% used [0x00000000e8180000,0x00000000e8180000,0x00000000e8f00000)
  to   space 14336K, 0% used [0x00000000ed880000,0x00000000ed880000,0x00000000ee680000)
 ParOldGen       total 100352K, used 28098K [0x00000000a0000000, 0x00000000a6200000, 0x00000000e0000000)
  object space 100352K, 27% used [0x00000000a0000000,0x00000000a1b70a28,0x00000000a6200000)
 Metaspace       used 64427K, capacity 66564K, committed 66776K, reserved 1107968K
  class space    used 8446K, capacity 8917K, committed 8960K, reserved 1048576K
Event: 79.208 GC heap after
Heap after GC invocations=19 (full 3):
 PSYoungGen      total 208896K, used 12969K [0x00000000e0000000, 0x00000000ee580000, 0x0000000100000000)
  eden space 195584K, 0% used [0x00000000e0000000,0x00000000e0000000,0x00000000ebf00000)
  from space 13312K, 97% used [0x00000000ed880000,0x00000000ee52a498,0x00000000ee580000)
  to   space 15872K, 0% used [0x00000000ec680000,0x00000000ec680000,0x00000000ed600000)
 ParOldGen       total 100352K, used 28106K [0x00000000a0000000, 0x00000000a6200000, 0x00000000e0000000)
  object space 100352K, 28% used [0x00000000a0000000,0x00000000a1b72a28,0x00000000a6200000)
 Metaspace       used 64427K, capacity 66564K, committed 66776K, reserved 1107968K
  class space    used 8446K, capacity 8917K, committed 8960K, reserved 1048576K
}
Event: 92.546 GC heap before
{Heap before GC invocations=20 (full 3):
 PSYoungGen      total 208896K, used 208553K [0x00000000e0000000, 0x00000000ee580000, 0x0000000100000000)
  eden space 195584K, 100% used [0x00000000e0000000,0x00000000ebf00000,0x00000000ebf00000)
  from space 13312K, 97% used [0x00000000ed880000,0x00000000ee52a498,0x00000000ee580000)
  to   space 15872K, 0% used [0x00000000ec680000,0x00000000ec680000,0x00000000ed600000)
 ParOldGen       total 100352K, used 28106K [0x00000000a0000000, 0x00000000a6200000, 0x00000000e0000000)
  object space 100352K, 28% used [0x00000000a0000000,0x00000000a1b72a28,0x00000000a6200000)
 Metaspace       used 70905K, capacity 73788K, committed 73944K, reserved 1114112K
  class space    used 9334K, capacity 9940K, committed 9984K, reserved 1048576K
Event: 92.606 GC heap after
Heap after GC invocations=20 (full 3):
 PSYoungGen      total 219136K, used 13886K [0x00000000e0000000, 0x00000000f1a00000, 0x0000000100000000)
  eden space 203264K, 0% used [0x00000000e0000000,0x00000000e0000000,0x00000000ec680000)
  from space 15872K, 87% used [0x00000000ec680000,0x00000000ed40fa80,0x00000000ed600000)
  to   space 17408K, 0% used [0x00000000f0900000,0x00000000f0900000,0x00000000f1a00000)
 ParOldGen       total 100352K, used 35558K [0x00000000a0000000, 0x00000000a6200000, 0x00000000e0000000)
  object space 100352K, 35% used [0x00000000a0000000,0x00000000a22b9888,0x00000000a6200000)
 Metaspace       used 70905K, capacity 73788K, committed 73944K, reserved 1114112K
  class space    used 9334K, capacity 9940K, committed 9984K, reserved 1048576K
}
Event: 415.453 GC heap before
{Heap before GC invocations=21 (full 3):
 PSYoungGen      total 219136K, used 217150K [0x00000000e0000000, 0x00000000f1a00000, 0x0000000100000000)
  eden space 203264K, 100% used [0x00000000e0000000,0x00000000ec680000,0x00000000ec680000)
  from space 15872K, 87% used [0x00000000ec680000,0x00000000ed40fa80,0x00000000ed600000)
  to   space 17408K, 0% used [0x00000000f0900000,0x00000000f0900000,0x00000000f1a00000)
 ParOldGen       total 100352K, used 35558K [0x00000000a0000000, 0x00000000a6200000, 0x00000000e0000000)
  object space 100352K, 35% used [0x00000000a0000000,0x00000000a22b9888,0x00000000a6200000)
 Metaspace       used 77885K, capacity 81362K, committed 81496K, reserved 1120256K
  class space    used 10121K, capacity 10760K, committed 10880K, reserved 1048576K
Event: 415.612 GC heap after
Heap after GC invocations=21 (full 3):
 PSYoungGen      total 271360K, used 10173K [0x00000000e0000000, 0x00000000f1f00000, 0x0000000100000000)
  eden space 253952K, 0% used [0x00000000e0000000,0x00000000e0000000,0x00000000ef800000)
  from space 17408K, 58% used [0x00000000f0900000,0x00000000f12ef5c0,0x00000000f1a00000)
  to   space 17408K, 0% used [0x00000000ef800000,0x00000000ef800000,0x00000000f0900000)
 ParOldGen       total 100352K, used 45194K [0x00000000a0000000, 0x00000000a6200000, 0x00000000e0000000)
  object space 100352K, 45% used [0x00000000a0000000,0x00000000a2c22848,0x00000000a6200000)
 Metaspace       used 77885K, capacity 81362K, committed 81496K, reserved 1120256K
  class space    used 10121K, capacity 10760K, committed 10880K, reserved 1048576K
}
Event: 1222.965 GC heap before
{Heap before GC invocations=22 (full 3):
 PSYoungGen      total 271360K, used 264125K [0x00000000e0000000, 0x00000000f1f00000, 0x0000000100000000)
  eden space 253952K, 100% used [0x00000000e0000000,0x00000000ef800000,0x00000000ef800000)
  from space 17408K, 58% used [0x00000000f0900000,0x00000000f12ef5c0,0x00000000f1a00000)
  to   space 17408K, 0% used [0x00000000ef800000,0x00000000ef800000,0x00000000f0900000)
 ParOldGen       total 100352K, used 45194K [0x00000000a0000000, 0x00000000a6200000, 0x00000000e0000000)
  object space 100352K, 45% used [0x00000000a0000000,0x00000000a2c22848,0x00000000a6200000)
 Metaspace       used 80136K, capacity 85190K, committed 85336K, reserved 1124352K
  class space    used 10417K, capacity 11298K, committed 11392K, reserved 1048576K
Event: 1223.231 GC heap after
Heap after GC invocations=22 (full 3):
 PSYoungGen      total 271360K, used 11888K [0x00000000e0000000, 0x00000000f5880000, 0x0000000100000000)
  eden space 253952K, 0% used [0x00000000e0000000,0x00000000e0000000,0x00000000ef800000)
  from space 17408K, 68% used [0x00000000ef800000,0x00000000f039c010,0x00000000f0900000)
  to   space 17920K, 0% used [0x00000000f4700000,0x00000000f4700000,0x00000000f5880000)
 ParOldGen       total 100352K, used 51251K [0x00000000a0000000, 0x00000000a6200000, 0x00000000e0000000)
  object space 100352K, 51% used [0x00000000a0000000,0x00000000a320cf40,0x00000000a6200000)
 Metaspace       used 80136K, capacity 85190K, committed 85336K, reserved 1124352K
  class space    used 10417K, capacity 11298K, committed 11392K, reserved 1048576K
}

