# JRE version: OpenJDK Runtime Environment (8.0_202-b03) (build 1.8.0_202-release-1483-b03)
# Java VM: OpenJDK 64-Bit Server VM (25.202-b03 mixed mode windows-amd64 compressed oops)
Heap:
 PSYoungGen      total 223744K, used 135407K [0x00000000e0000000, 0x00000000ef580000, 0x0000000100000000)
  eden space 198144K, 59% used [0x00000000e0000000,0x00000000e727ee90,0x00000000ec180000)
  from space 25600K, 70% used [0x00000000edc80000,0x00000000eee3d0e0,0x00000000ef580000)
  to   space 26624K, 0% used [0x00000000ec180000,0x00000000ec180000,0x00000000edb80000)
 ParOldGen       total 130048K, used 39794K [0x00000000a0000000, 0x00000000a7f00000, 0x00000000e0000000)
  object space 130048K, 30% used [0x00000000a0000000,0x00000000a26dcbe0,0x00000000a7f00000)
 Metaspace       used 74297K, capacity 76558K, committed 76888K, reserved 1116160K
  class space    used 9477K, capacity 10026K, committed 10112K, reserved 1048576K
GC Heap History (10 events):
Event: 422.228 GC heap before
{Heap before GC invocations=21 (full 3):
 PSYoungGen      total 109568K, used 96928K [0x00000000e0000000, 0x00000000e9980000, 0x0000000100000000)
  eden space 91648K, 100% used [0x00000000e0000000,0x00000000e5980000,0x00000000e5980000)
  from space 17920K, 29% used [0x00000000e5980000,0x00000000e5ea8148,0x00000000e6b00000)
  to   space 17920K, 0% used [0x00000000e8800000,0x00000000e8800000,0x00000000e9980000)
 ParOldGen       total 130048K, used 28095K [0x00000000a0000000, 0x00000000a7f00000, 0x00000000e0000000)
  object space 130048K, 21% used [0x00000000a0000000,0x00000000a1b6fcb0,0x00000000a7f00000)
 Metaspace       used 65530K, capacity 67540K, committed 67672K, reserved 1107968K
  class space    used 8557K, capacity 9049K, committed 9088K, reserved 1048576K
Event: 422.249 GC heap after
Heap after GC invocations=21 (full 3):
 PSYoungGen      total 137216K, used 12469K [0x00000000e0000000, 0x00000000e9900000, 0x0000000100000000)
  eden space 119808K, 0% used [0x00000000e0000000,0x00000000e0000000,0x00000000e7500000)
  from space 17408K, 71% used [0x00000000e8800000,0x00000000e942d7b0,0x00000000e9900000)
  to   space 18432K, 0% used [0x00000000e7500000,0x00000000e7500000,0x00000000e8700000)
 ParOldGen       total 130048K, used 28103K [0x00000000a0000000, 0x00000000a7f00000, 0x00000000e0000000)
  object space 130048K, 21% used [0x00000000a0000000,0x00000000a1b71cb0,0x00000000a7f00000)
 Metaspace       used 65530K, capacity 67540K, committed 67672K, reserved 1107968K
  class space    used 8557K, capacity 9049K, committed 9088K, reserved 1048576K
}
Event: 428.240 GC heap before
{Heap before GC invocations=22 (full 3):
 PSYoungGen      total 137216K, used 132269K [0x00000000e0000000, 0x00000000e9900000, 0x0000000100000000)
  eden space 119808K, 99% used [0x00000000e0000000,0x00000000e74fe048,0x00000000e7500000)
  from space 17408K, 71% used [0x00000000e8800000,0x00000000e942d7b0,0x00000000e9900000)
  to   space 18432K, 0% used [0x00000000e7500000,0x00000000e7500000,0x00000000e8700000)
 ParOldGen       total 130048K, used 28103K [0x00000000a0000000, 0x00000000a7f00000, 0x00000000e0000000)
  object space 130048K, 21% used [0x00000000a0000000,0x00000000a1b71cb0,0x00000000a7f00000)
 Metaspace       used 69523K, capacity 71630K, committed 71896K, reserved 1112064K
  class space    used 8988K, capacity 9470K, committed 9472K, reserved 1048576K
Event: 428.271 GC heap after
Heap after GC invocations=22 (full 3):
 PSYoungGen      total 138240K, used 16374K [0x00000000e0000000, 0x00000000ebd80000, 0x0000000100000000)
  eden space 119808K, 0% used [0x00000000e0000000,0x00000000e0000000,0x00000000e7500000)
  from space 18432K, 88% used [0x00000000e7500000,0x00000000e84fdac0,0x00000000e8700000)
  to   space 19968K, 0% used [0x00000000eaa00000,0x00000000eaa00000,0x00000000ebd80000)
 ParOldGen       total 130048K, used 28111K [0x00000000a0000000, 0x00000000a7f00000, 0x00000000e0000000)
  object space 130048K, 21% used [0x00000000a0000000,0x00000000a1b73cb0,0x00000000a7f00000)
 Metaspace       used 69523K, capacity 71630K, committed 71896K, reserved 1112064K
  class space    used 8988K, capacity 9470K, committed 9472K, reserved 1048576K
}
Event: 429.690 GC heap before
{Heap before GC invocations=23 (full 3):
 PSYoungGen      total 138240K, used 136182K [0x00000000e0000000, 0x00000000ebd80000, 0x0000000100000000)
  eden space 119808K, 100% used [0x00000000e0000000,0x00000000e7500000,0x00000000e7500000)
  from space 18432K, 88% used [0x00000000e7500000,0x00000000e84fdac0,0x00000000e8700000)
  to   space 19968K, 0% used [0x00000000eaa00000,0x00000000eaa00000,0x00000000ebd80000)
 ParOldGen       total 130048K, used 28111K [0x00000000a0000000, 0x00000000a7f00000, 0x00000000e0000000)
  object space 130048K, 21% used [0x00000000a0000000,0x00000000a1b73cb0,0x00000000a7f00000)
 Metaspace       used 69748K, capacity 71886K, committed 72152K, reserved 1112064K
  class space    used 8996K, capacity 9470K, committed 9472K, reserved 1048576K
Event: 430.004 GC heap after
Heap after GC invocations=23 (full 3):
 PSYoungGen      total 170496K, used 19964K [0x00000000e0000000, 0x00000000ec900000, 0x0000000100000000)
  eden space 150528K, 0% used [0x00000000e0000000,0x00000000e0000000,0x00000000e9300000)
  from space 19968K, 99% used [0x00000000eaa00000,0x00000000ebd7f0b0,0x00000000ebd80000)
  to   space 23552K, 0% used [0x00000000e9300000,0x00000000e9300000,0x00000000eaa00000)
 ParOldGen       total 130048K, used 30096K [0x00000000a0000000, 0x00000000a7f00000, 0x00000000e0000000)
  object space 130048K, 23% used [0x00000000a0000000,0x00000000a1d64240,0x00000000a7f00000)
 Metaspace       used 69748K, capacity 71886K, committed 72152K, reserved 1112064K
  class space    used 8996K, capacity 9470K, committed 9472K, reserved 1048576K
}
Event: 430.765 GC heap before
{Heap before GC invocations=24 (full 3):
 PSYoungGen      total 170496K, used 170492K [0x00000000e0000000, 0x00000000ec900000, 0x0000000100000000)
  eden space 150528K, 100% used [0x00000000e0000000,0x00000000e9300000,0x00000000e9300000)
  from space 19968K, 99% used [0x00000000eaa00000,0x00000000ebd7f0b0,0x00000000ebd80000)
  to   space 23552K, 0% used [0x00000000e9300000,0x00000000e9300000,0x00000000eaa00000)
 ParOldGen       total 130048K, used 30096K [0x00000000a0000000, 0x00000000a7f00000, 0x00000000e0000000)
  object space 130048K, 23% used [0x00000000a0000000,0x00000000a1d64240,0x00000000a7f00000)
 Metaspace       used 69773K, capacity 71886K, committed 72152K, reserved 1112064K
  class space    used 8996K, capacity 9470K, committed 9472K, reserved 1048576K
Event: 430.872 GC heap after
Heap after GC invocations=24 (full 3):
 PSYoungGen      total 174080K, used 20254K [0x00000000e0000000, 0x00000000ef580000, 0x0000000100000000)
  eden space 150528K, 0% used [0x00000000e0000000,0x00000000e0000000,0x00000000e9300000)
  from space 23552K, 85% used [0x00000000e9300000,0x00000000ea6c7a80,0x00000000eaa00000)
  to   space 25600K, 0% used [0x00000000edc80000,0x00000000edc80000,0x00000000ef580000)
 ParOldGen       total 130048K, used 30104K [0x00000000a0000000, 0x00000000a7f00000, 0x00000000e0000000)
  object space 130048K, 23% used [0x00000000a0000000,0x00000000a1d66240,0x00000000a7f00000)
 Metaspace       used 69773K, capacity 71886K, committed 72152K, reserved 1112064K
  class space    used 8996K, capacity 9470K, committed 9472K, reserved 1048576K
}
Event: 437.951 GC heap before
{Heap before GC invocations=25 (full 3):
 PSYoungGen      total 174080K, used 170782K [0x00000000e0000000, 0x00000000ef580000, 0x0000000100000000)
  eden space 150528K, 100% used [0x00000000e0000000,0x00000000e9300000,0x00000000e9300000)
  from space 23552K, 85% used [0x00000000e9300000,0x00000000ea6c7a80,0x00000000eaa00000)
  to   space 25600K, 0% used [0x00000000edc80000,0x00000000edc80000,0x00000000ef580000)
 ParOldGen       total 130048K, used 30104K [0x00000000a0000000, 0x00000000a7f00000, 0x00000000e0000000)
  object space 130048K, 23% used [0x00000000a0000000,0x00000000a1d66240,0x00000000a7f00000)
 Metaspace       used 72276K, capacity 74438K, committed 74712K, reserved 1114112K
  class space    used 9250K, capacity 9720K, committed 9728K, reserved 1048576K
Event: 438.031 GC heap after
Heap after GC invocations=25 (full 3):
 PSYoungGen      total 223744K, used 18164K [0x00000000e0000000, 0x00000000ef580000, 0x0000000100000000)
  eden space 198144K, 0% used [0x00000000e0000000,0x00000000e0000000,0x00000000ec180000)
  from space 25600K, 70% used [0x00000000edc80000,0x00000000eee3d0e0,0x00000000ef580000)
  to   space 26624K, 0% used [0x00000000ec180000,0x00000000ec180000,0x00000000edb80000)
 ParOldGen       total 130048K, used 39794K [0x00000000a0000000, 0x00000000a7f00000, 0x00000000e0000000)
  object space 130048K, 30% used [0x00000000a0000000,0x00000000a26dcbe0,0x00000000a7f00000)
 Metaspace       used 72276K, capacity 74438K, committed 74712K, reserved 1114112K
  class space    used 9250K, capacity 9720K, committed 9728K, reserved 1048576K
}

