# JRE version: OpenJDK Runtime Environment (8.0_212-b04) (build 1.8.0_212-release-1586-b04)
# Java VM: OpenJDK 64-Bit Server VM (25.212-b04 mixed mode windows-amd64 compressed oops)
Heap:
 PSYoungGen      total 123392K, used 10216K [0x00000000e0000000, 0x00000000e8400000, 0x0000000100000000)
  eden space 111616K, 9% used [0x00000000e0000000,0x00000000e09fa3b8,0x00000000e6d00000)
  from space 11776K, 0% used [0x00000000e6d00000,0x00000000e6d00000,0x00000000e7880000)
  to   space 11264K, 0% used [0x00000000e7900000,0x00000000e7900000,0x00000000e8400000)
 ParOldGen       total 57856K, used 17452K [0x00000000a0000000, 0x00000000a3880000, 0x00000000e0000000)
  object space 57856K, 30% used [0x00000000a0000000,0x00000000a110b3e8,0x00000000a3880000)
 Metaspace       used 35050K, capacity 35856K, committed 36136K, reserved 1081344K
  class space    used 4824K, capacity 5051K, committed 5160K, reserved 1048576K
GC Heap History (10 events):
Event: 6.524 GC heap before
{Heap before GC invocations=7 (full 1):
 PSYoungGen      total 76800K, used 8973K [0x00000000e0000000, 0x00000000e5700000, 0x0000000100000000)
  eden space 66048K, 0% used [0x00000000e0000000,0x00000000e0000000,0x00000000e4080000)
  from space 10752K, 83% used [0x00000000e4b80000,0x00000000e5443548,0x00000000e5600000)
  to   space 11264K, 0% used [0x00000000e4080000,0x00000000e4080000,0x00000000e4b80000)
 ParOldGen       total 87552K, used 7726K [0x00000000a0000000, 0x00000000a5580000, 0x00000000e0000000)
  object space 87552K, 8% used [0x00000000a0000000,0x00000000a078bb58,0x00000000a5580000)
 Metaspace       used 20791K, capacity 21202K, committed 21296K, reserved 1067008K
  class space    used 3011K, capacity 3161K, committed 3200K, reserved 1048576K
Event: 6.560 GC heap after
Heap after GC invocations=7 (full 1):
 PSYoungGen      total 76800K, used 0K [0x00000000e0000000, 0x00000000e5700000, 0x0000000100000000)
  eden space 66048K, 0% used [0x00000000e0000000,0x00000000e0000000,0x00000000e4080000)
  from space 10752K, 0% used [0x00000000e4b80000,0x00000000e4b80000,0x00000000e5600000)
  to   space 11264K, 0% used [0x00000000e4080000,0x00000000e4080000,0x00000000e4b80000)
 ParOldGen       total 57856K, used 9602K [0x00000000a0000000, 0x00000000a3880000, 0x00000000e0000000)
  object space 57856K, 16% used [0x00000000a0000000,0x00000000a0960ad8,0x00000000a3880000)
 Metaspace       used 20791K, capacity 21202K, committed 21296K, reserved 1067008K
  class space    used 3011K, capacity 3161K, committed 3200K, reserved 1048576K
}
Event: 7.659 GC heap before
{Heap before GC invocations=8 (full 1):
 PSYoungGen      total 76800K, used 66048K [0x00000000e0000000, 0x00000000e5700000, 0x0000000100000000)
  eden space 66048K, 100% used [0x00000000e0000000,0x00000000e4080000,0x00000000e4080000)
  from space 10752K, 0% used [0x00000000e4b80000,0x00000000e4b80000,0x00000000e5600000)
  to   space 11264K, 0% used [0x00000000e4080000,0x00000000e4080000,0x00000000e4b80000)
 ParOldGen       total 57856K, used 9602K [0x00000000a0000000, 0x00000000a3880000, 0x00000000e0000000)
  object space 57856K, 16% used [0x00000000a0000000,0x00000000a0960ad8,0x00000000a3880000)
 Metaspace       used 29114K, capacity 29710K, committed 30080K, reserved 1075200K
  class space    used 3926K, capacity 4133K, committed 4224K, reserved 1048576K
Event: 7.670 GC heap after
Heap after GC invocations=8 (full 1):
 PSYoungGen      total 77312K, used 8016K [0x00000000e0000000, 0x00000000e8480000, 0x0000000100000000)
  eden space 66048K, 0% used [0x00000000e0000000,0x00000000e0000000,0x00000000e4080000)
  from space 11264K, 71% used [0x00000000e4080000,0x00000000e4854338,0x00000000e4b80000)
  to   space 11776K, 0% used [0x00000000e7900000,0x00000000e7900000,0x00000000e8480000)
 ParOldGen       total 57856K, used 9610K [0x00000000a0000000, 0x00000000a3880000, 0x00000000e0000000)
  object space 57856K, 16% used [0x00000000a0000000,0x00000000a0962ad8,0x00000000a3880000)
 Metaspace       used 29114K, capacity 29710K, committed 30080K, reserved 1075200K
  class space    used 3926K, capacity 4133K, committed 4224K, reserved 1048576K
}
Event: 8.474 GC heap before
{Heap before GC invocations=9 (full 1):
 PSYoungGen      total 77312K, used 74064K [0x00000000e0000000, 0x00000000e8480000, 0x0000000100000000)
  eden space 66048K, 100% used [0x00000000e0000000,0x00000000e4080000,0x00000000e4080000)
  from space 11264K, 71% used [0x00000000e4080000,0x00000000e4854338,0x00000000e4b80000)
  to   space 11776K, 0% used [0x00000000e7900000,0x00000000e7900000,0x00000000e8480000)
 ParOldGen       total 57856K, used 9610K [0x00000000a0000000, 0x00000000a3880000, 0x00000000e0000000)
  object space 57856K, 16% used [0x00000000a0000000,0x00000000a0962ad8,0x00000000a3880000)
 Metaspace       used 32168K, capacity 32780K, committed 33152K, reserved 1077248K
  class space    used 4412K, capacity 4623K, committed 4736K, reserved 1048576K
Event: 8.484 GC heap after
Heap after GC invocations=9 (full 1):
 PSYoungGen      total 122880K, used 8489K [0x00000000e0000000, 0x00000000e8400000, 0x0000000100000000)
  eden space 111616K, 0% used [0x00000000e0000000,0x00000000e0000000,0x00000000e6d00000)
  from space 11264K, 75% used [0x00000000e7900000,0x00000000e814a4d0,0x00000000e8400000)
  to   space 11776K, 0% used [0x00000000e6d00000,0x00000000e6d00000,0x00000000e7880000)
 ParOldGen       total 57856K, used 9618K [0x00000000a0000000, 0x00000000a3880000, 0x00000000e0000000)
  object space 57856K, 16% used [0x00000000a0000000,0x00000000a0964ad8,0x00000000a3880000)
 Metaspace       used 32168K, capacity 32780K, committed 33152K, reserved 1077248K
  class space    used 4412K, capacity 4623K, committed 4736K, reserved 1048576K
}
Event: 9.270 GC heap before
{Heap before GC invocations=10 (full 1):
 PSYoungGen      total 122880K, used 69750K [0x00000000e0000000, 0x00000000e8400000, 0x0000000100000000)
  eden space 111616K, 54% used [0x00000000e0000000,0x00000000e3bd36f8,0x00000000e6d00000)
  from space 11264K, 75% used [0x00000000e7900000,0x00000000e814a4d0,0x00000000e8400000)
  to   space 11776K, 0% used [0x00000000e6d00000,0x00000000e6d00000,0x00000000e7880000)
 ParOldGen       total 57856K, used 9618K [0x00000000a0000000, 0x00000000a3880000, 0x00000000e0000000)
  object space 57856K, 16% used [0x00000000a0000000,0x00000000a0964ad8,0x00000000a3880000)
 Metaspace       used 34681K, capacity 35438K, committed 35496K, reserved 1079296K
  class space    used 4767K, capacity 4998K, committed 5032K, reserved 1048576K
Event: 9.284 GC heap after
Heap after GC invocations=10 (full 1):
 PSYoungGen      total 123392K, used 10604K [0x00000000e0000000, 0x00000000e8400000, 0x0000000100000000)
  eden space 111616K, 0% used [0x00000000e0000000,0x00000000e0000000,0x00000000e6d00000)
  from space 11776K, 90% used [0x00000000e6d00000,0x00000000e775b0e8,0x00000000e7880000)
  to   space 11264K, 0% used [0x00000000e7900000,0x00000000e7900000,0x00000000e8400000)
 ParOldGen       total 57856K, used 9626K [0x00000000a0000000, 0x00000000a3880000, 0x00000000e0000000)
  object space 57856K, 16% used [0x00000000a0000000,0x00000000a0966ad8,0x00000000a3880000)
 Metaspace       used 34681K, capacity 35438K, committed 35496K, reserved 1079296K
  class space    used 4767K, capacity 4998K, committed 5032K, reserved 1048576K
}
Event: 9.284 GC heap before
{Heap before GC invocations=11 (full 2):
 PSYoungGen      total 123392K, used 10604K [0x00000000e0000000, 0x00000000e8400000, 0x0000000100000000)
  eden space 111616K, 0% used [0x00000000e0000000,0x00000000e0000000,0x00000000e6d00000)
  from space 11776K, 90% used [0x00000000e6d00000,0x00000000e775b0e8,0x00000000e7880000)
  to   space 11264K, 0% used [0x00000000e7900000,0x00000000e7900000,0x00000000e8400000)
 ParOldGen       total 57856K, used 9626K [0x00000000a0000000, 0x00000000a3880000, 0x00000000e0000000)
  object space 57856K, 16% used [0x00000000a0000000,0x00000000a0966ad8,0x00000000a3880000)
 Metaspace       used 34681K, capacity 35438K, committed 35496K, reserved 1079296K
  class space    used 4767K, capacity 4998K, committed 5032K, reserved 1048576K
Event: 9.345 GC heap after
Heap after GC invocations=11 (full 2):
 PSYoungGen      total 123392K, used 0K [0x00000000e0000000, 0x00000000e8400000, 0x0000000100000000)
  eden space 111616K, 0% used [0x00000000e0000000,0x00000000e0000000,0x00000000e6d00000)
  from space 11776K, 0% used [0x00000000e6d00000,0x00000000e6d00000,0x00000000e7880000)
  to   space 11264K, 0% used [0x00000000e7900000,0x00000000e7900000,0x00000000e8400000)
 ParOldGen       total 57856K, used 17452K [0x00000000a0000000, 0x00000000a3880000, 0x00000000e0000000)
  object space 57856K, 30% used [0x00000000a0000000,0x00000000a110b3e8,0x00000000a3880000)
 Metaspace       used 34667K, capacity 35390K, committed 35496K, reserved 1079296K
  class space    used 4763K, capacity 4990K, committed 5032K, reserved 1048576K
}

