# JRE version: OpenJDK Runtime Environment (8.0_212-b04) (build 1.8.0_212-release-1586-b04)
# Java VM: OpenJDK 64-Bit Server VM (25.212-b04 mixed mode windows-amd64 compressed oops)
Heap:
 PSYoungGen      total 457216K, used 271893K [0x00000000e0000000, 0x00000000ff900000, 0x0000000100000000)
  eden space 404480K, 62% used [0x00000000e0000000,0x00000000ef5f7408,0x00000000f8b00000)
  from space 52736K, 37% used [0x00000000fc580000,0x00000000fd90e308,0x00000000ff900000)
  to   space 56320K, 0% used [0x00000000f8b00000,0x00000000f8b00000,0x00000000fc200000)
 ParOldGen       total 247808K, used 132051K [0x00000000a0000000, 0x00000000af200000, 0x00000000e0000000)
  object space 247808K, 53% used [0x00000000a0000000,0x00000000a80f4f80,0x00000000af200000)
 Metaspace       used 153080K, capacity 160160K, committed 164416K, reserved 1191936K
  class space    used 19603K, capacity 20933K, committed 22080K, reserved 1048576K
GC Heap History (10 events):
Event: 8314.121 GC heap before
{Heap before GC invocations=37 (full 5):
 PSYoungGen      total 461824K, used 422389K [0x00000000e0000000, 0x00000000ffe00000, 0x0000000100000000)
  eden space 400896K, 100% used [0x00000000e0000000,0x00000000f8780000,0x00000000f8780000)
  from space 60928K, 35% used [0x00000000f8780000,0x00000000f9c7d4e0,0x00000000fc300000)
  to   space 59392K, 0% used [0x00000000fc400000,0x00000000fc400000,0x00000000ffe00000)
 ParOldGen       total 247808K, used 96748K [0x00000000a0000000, 0x00000000af200000, 0x00000000e0000000)
  object space 247808K, 39% used [0x00000000a0000000,0x00000000a5e7b068,0x00000000af200000)
 Metaspace       used 152086K, capacity 158956K, committed 164160K, reserved 1191936K
  class space    used 19485K, capacity 20763K, committed 22080K, reserved 1048576K
Event: 8314.778 GC heap after
Heap after GC invocations=37 (full 5):
 PSYoungGen      total 462848K, used 12458K [0x00000000e0000000, 0x00000000ffe80000, 0x0000000100000000)
  eden space 403456K, 0% used [0x00000000e0000000,0x00000000e0000000,0x00000000f8a00000)
  from space 59392K, 20% used [0x00000000fc400000,0x00000000fd02a8d8,0x00000000ffe00000)
  to   space 59392K, 0% used [0x00000000f8a00000,0x00000000f8a00000,0x00000000fc400000)
 ParOldGen       total 247808K, used 113094K [0x00000000a0000000, 0x00000000af200000, 0x00000000e0000000)
  object space 247808K, 45% used [0x00000000a0000000,0x00000000a6e719c0,0x00000000af200000)
 Metaspace       used 152086K, capacity 158956K, committed 164160K, reserved 1191936K
  class space    used 19485K, capacity 20763K, committed 22080K, reserved 1048576K
}
Event: 8315.706 GC heap before
{Heap before GC invocations=38 (full 5):
 PSYoungGen      total 462848K, used 415914K [0x00000000e0000000, 0x00000000ffe80000, 0x0000000100000000)
  eden space 403456K, 100% used [0x00000000e0000000,0x00000000f8a00000,0x00000000f8a00000)
  from space 59392K, 20% used [0x00000000fc400000,0x00000000fd02a8d8,0x00000000ffe00000)
  to   space 59392K, 0% used [0x00000000f8a00000,0x00000000f8a00000,0x00000000fc400000)
 ParOldGen       total 247808K, used 113094K [0x00000000a0000000, 0x00000000af200000, 0x00000000e0000000)
  object space 247808K, 45% used [0x00000000a0000000,0x00000000a6e719c0,0x00000000af200000)
 Metaspace       used 152232K, capacity 159162K, committed 164160K, reserved 1191936K
  class space    used 19492K, capacity 20774K, committed 22080K, reserved 1048576K
Event: 8315.780 GC heap after
Heap after GC invocations=38 (full 5):
 PSYoungGen      total 462848K, used 6559K [0x00000000e0000000, 0x0000000100000000, 0x0000000100000000)
  eden space 403456K, 0% used [0x00000000e0000000,0x00000000e0000000,0x00000000f8a00000)
  from space 59392K, 11% used [0x00000000f8a00000,0x00000000f9067e38,0x00000000fc400000)
  to   space 59904K, 0% used [0x00000000fc580000,0x00000000fc580000,0x0000000100000000)
 ParOldGen       total 247808K, used 122396K [0x00000000a0000000, 0x00000000af200000, 0x00000000e0000000)
  object space 247808K, 49% used [0x00000000a0000000,0x00000000a77870c0,0x00000000af200000)
 Metaspace       used 152232K, capacity 159162K, committed 164160K, reserved 1191936K
  class space    used 19492K, capacity 20774K, committed 22080K, reserved 1048576K
}
Event: 8316.807 GC heap before
{Heap before GC invocations=39 (full 5):
 PSYoungGen      total 462848K, used 410015K [0x00000000e0000000, 0x0000000100000000, 0x0000000100000000)
  eden space 403456K, 100% used [0x00000000e0000000,0x00000000f8a00000,0x00000000f8a00000)
  from space 59392K, 11% used [0x00000000f8a00000,0x00000000f9067e38,0x00000000fc400000)
  to   space 59904K, 0% used [0x00000000fc580000,0x00000000fc580000,0x0000000100000000)
 ParOldGen       total 247808K, used 122396K [0x00000000a0000000, 0x00000000af200000, 0x00000000e0000000)
  object space 247808K, 49% used [0x00000000a0000000,0x00000000a77870c0,0x00000000af200000)
 Metaspace       used 152341K, capacity 159242K, committed 164160K, reserved 1191936K
  class space    used 19492K, capacity 20774K, committed 22080K, reserved 1048576K
Event: 8316.832 GC heap after
Heap after GC invocations=39 (full 5):
 PSYoungGen      total 464384K, used 5837K [0x00000000e0000000, 0x0000000100000000, 0x0000000100000000)
  eden space 404480K, 0% used [0x00000000e0000000,0x00000000e0000000,0x00000000f8b00000)
  from space 59904K, 9% used [0x00000000fc580000,0x00000000fcb33478,0x0000000100000000)
  to   space 59904K, 0% used [0x00000000f8b00000,0x00000000f8b00000,0x00000000fc580000)
 ParOldGen       total 247808K, used 126460K [0x00000000a0000000, 0x00000000af200000, 0x00000000e0000000)
  object space 247808K, 51% used [0x00000000a0000000,0x00000000a7b7f100,0x00000000af200000)
 Metaspace       used 152341K, capacity 159242K, committed 164160K, reserved 1191936K
  class space    used 19492K, capacity 20774K, committed 22080K, reserved 1048576K
}
Event: 8318.804 GC heap before
{Heap before GC invocations=40 (full 5):
 PSYoungGen      total 464384K, used 410317K [0x00000000e0000000, 0x0000000100000000, 0x0000000100000000)
  eden space 404480K, 100% used [0x00000000e0000000,0x00000000f8b00000,0x00000000f8b00000)
  from space 59904K, 9% used [0x00000000fc580000,0x00000000fcb33478,0x0000000100000000)
  to   space 59904K, 0% used [0x00000000f8b00000,0x00000000f8b00000,0x00000000fc580000)
 ParOldGen       total 247808K, used 126460K [0x00000000a0000000, 0x00000000af200000, 0x00000000e0000000)
  object space 247808K, 51% used [0x00000000a0000000,0x00000000a7b7f100,0x00000000af200000)
 Metaspace       used 152388K, capacity 159314K, committed 164160K, reserved 1191936K
  class space    used 19494K, capacity 20774K, committed 22080K, reserved 1048576K
Event: 8318.822 GC heap after
Heap after GC invocations=40 (full 5):
 PSYoungGen      total 464384K, used 2869K [0x00000000e0000000, 0x0000000100000000, 0x0000000100000000)
  eden space 404480K, 0% used [0x00000000e0000000,0x00000000e0000000,0x00000000f8b00000)
  from space 59904K, 4% used [0x00000000f8b00000,0x00000000f8dcd418,0x00000000fc580000)
  to   space 59904K, 0% used [0x00000000fc580000,0x00000000fc580000,0x0000000100000000)
 ParOldGen       total 247808K, used 130198K [0x00000000a0000000, 0x00000000af200000, 0x00000000e0000000)
  object space 247808K, 52% used [0x00000000a0000000,0x00000000a7f25b68,0x00000000af200000)
 Metaspace       used 152388K, capacity 159314K, committed 164160K, reserved 1191936K
  class space    used 19494K, capacity 20774K, committed 22080K, reserved 1048576K
}
Event: 8321.805 GC heap before
{Heap before GC invocations=41 (full 5):
 PSYoungGen      total 464384K, used 407349K [0x00000000e0000000, 0x0000000100000000, 0x0000000100000000)
  eden space 404480K, 100% used [0x00000000e0000000,0x00000000f8b00000,0x00000000f8b00000)
  from space 59904K, 4% used [0x00000000f8b00000,0x00000000f8dcd418,0x00000000fc580000)
  to   space 59904K, 0% used [0x00000000fc580000,0x00000000fc580000,0x0000000100000000)
 ParOldGen       total 247808K, used 130198K [0x00000000a0000000, 0x00000000af200000, 0x00000000e0000000)
  object space 247808K, 52% used [0x00000000a0000000,0x00000000a7f25b68,0x00000000af200000)
 Metaspace       used 152469K, capacity 159488K, committed 164160K, reserved 1191936K
  class space    used 19496K, capacity 20807K, committed 22080K, reserved 1048576K
Event: 8321.823 GC heap after
Heap after GC invocations=41 (full 5):
 PSYoungGen      total 457216K, used 20024K [0x00000000e0000000, 0x00000000ff900000, 0x0000000100000000)
  eden space 404480K, 0% used [0x00000000e0000000,0x00000000e0000000,0x00000000f8b00000)
  from space 52736K, 37% used [0x00000000fc580000,0x00000000fd90e308,0x00000000ff900000)
  to   space 56320K, 0% used [0x00000000f8b00000,0x00000000f8b00000,0x00000000fc200000)
 ParOldGen       total 247808K, used 132051K [0x00000000a0000000, 0x00000000af200000, 0x00000000e0000000)
  object space 247808K, 53% used [0x00000000a0000000,0x00000000a80f4f80,0x00000000af200000)
 Metaspace       used 152469K, capacity 159488K, committed 164160K, reserved 1191936K
  class space    used 19496K, capacity 20807K, committed 22080K, reserved 1048576K
}

