# JRE version: OpenJDK Runtime Environment (8.0_212-b04) (build 1.8.0_212-release-1586-b04)
# Java VM: OpenJDK 64-Bit Server VM (25.212-b04 mixed mode windows-amd64 compressed oops)
Heap:
 PSYoungGen      total 105984K, used 91150K [0x00000000e0000000, 0x00000000e8500000, 0x0000000100000000)
  eden space 86528K, 84% used [0x00000000e0000000,0x00000000e47159c8,0x00000000e5480000)
  from space 19456K, 94% used [0x00000000e6a00000,0x00000000e7c05f78,0x00000000e7d00000)
  to   space 22016K, 0% used [0x00000000e5480000,0x00000000e5480000,0x00000000e6a00000)
 ParOldGen       total 99328K, used 35247K [0x00000000a0000000, 0x00000000a6100000, 0x00000000e0000000)
  object space 99328K, 35% used [0x00000000a0000000,0x00000000a226bc58,0x00000000a6100000)
 Metaspace       used 68803K, capacity 71514K, committed 71808K, reserved 1112064K
  class space    used 9185K, capacity 9773K, committed 9856K, reserved 1048576K
GC Heap History (10 events):
Event: 272.631 GC heap before
{Heap before GC invocations=23 (full 3):
 PSYoungGen      total 79360K, used 65024K [0x00000000e0000000, 0x00000000e6580000, 0x0000000100000000)
  eden space 65024K, 100% used [0x00000000e0000000,0x00000000e3f80000,0x00000000e3f80000)
  from space 14336K, 0% used [0x00000000e3f80000,0x00000000e3f80000,0x00000000e4d80000)
  to   space 14336K, 0% used [0x00000000e5780000,0x00000000e5780000,0x00000000e6580000)
 ParOldGen       total 99328K, used 29894K [0x00000000a0000000, 0x00000000a6100000, 0x00000000e0000000)
  object space 99328K, 30% used [0x00000000a0000000,0x00000000a1d319e8,0x00000000a6100000)
 Metaspace       used 61310K, capacity 63386K, committed 63616K, reserved 1103872K
  class space    used 8191K, capacity 8711K, committed 8832K, reserved 1048576K
Event: 272.639 GC heap after
Heap after GC invocations=23 (full 3):
 PSYoungGen      total 70656K, used 6700K [0x00000000e0000000, 0x00000000e5e80000, 0x0000000100000000)
  eden space 63488K, 0% used [0x00000000e0000000,0x00000000e0000000,0x00000000e3e00000)
  from space 7168K, 93% used [0x00000000e5780000,0x00000000e5e0b260,0x00000000e5e80000)
  to   space 13824K, 0% used [0x00000000e4380000,0x00000000e4380000,0x00000000e5100000)
 ParOldGen       total 99328K, used 29902K [0x00000000a0000000, 0x00000000a6100000, 0x00000000e0000000)
  object space 99328K, 30% used [0x00000000a0000000,0x00000000a1d339e8,0x00000000a6100000)
 Metaspace       used 61310K, capacity 63386K, committed 63616K, reserved 1103872K
  class space    used 8191K, capacity 8711K, committed 8832K, reserved 1048576K
}
Event: 274.997 GC heap before
{Heap before GC invocations=24 (full 3):
 PSYoungGen      total 70656K, used 70188K [0x00000000e0000000, 0x00000000e5e80000, 0x0000000100000000)
  eden space 63488K, 100% used [0x00000000e0000000,0x00000000e3e00000,0x00000000e3e00000)
  from space 7168K, 93% used [0x00000000e5780000,0x00000000e5e0b260,0x00000000e5e80000)
  to   space 13824K, 0% used [0x00000000e4380000,0x00000000e4380000,0x00000000e5100000)
 ParOldGen       total 99328K, used 29902K [0x00000000a0000000, 0x00000000a6100000, 0x00000000e0000000)
  object space 99328K, 30% used [0x00000000a0000000,0x00000000a1d339e8,0x00000000a6100000)
 Metaspace       used 63139K, capacity 65500K, committed 65664K, reserved 1105920K
  class space    used 8427K, capacity 8970K, committed 9088K, reserved 1048576K
Event: 275.013 GC heap after
Heap after GC invocations=24 (full 3):
 PSYoungGen      total 82944K, used 10163K [0x00000000e0000000, 0x00000000e6600000, 0x0000000100000000)
  eden space 69120K, 0% used [0x00000000e0000000,0x00000000e0000000,0x00000000e4380000)
  from space 13824K, 73% used [0x00000000e4380000,0x00000000e4d6cc10,0x00000000e5100000)
  to   space 14336K, 0% used [0x00000000e5800000,0x00000000e5800000,0x00000000e6600000)
 ParOldGen       total 99328K, used 29910K [0x00000000a0000000, 0x00000000a6100000, 0x00000000e0000000)
  object space 99328K, 30% used [0x00000000a0000000,0x00000000a1d359e8,0x00000000a6100000)
 Metaspace       used 63139K, capacity 65500K, committed 65664K, reserved 1105920K
  class space    used 8427K, capacity 8970K, committed 9088K, reserved 1048576K
}
Event: 278.296 GC heap before
{Heap before GC invocations=25 (full 3):
 PSYoungGen      total 82944K, used 79283K [0x00000000e0000000, 0x00000000e6600000, 0x0000000100000000)
  eden space 69120K, 100% used [0x00000000e0000000,0x00000000e4380000,0x00000000e4380000)
  from space 13824K, 73% used [0x00000000e4380000,0x00000000e4d6cc10,0x00000000e5100000)
  to   space 14336K, 0% used [0x00000000e5800000,0x00000000e5800000,0x00000000e6600000)
 ParOldGen       total 99328K, used 29910K [0x00000000a0000000, 0x00000000a6100000, 0x00000000e0000000)
  object space 99328K, 30% used [0x00000000a0000000,0x00000000a1d359e8,0x00000000a6100000)
 Metaspace       used 63676K, capacity 66016K, committed 66176K, reserved 1105920K
  class space    used 8479K, capacity 9014K, committed 9088K, reserved 1048576K
Event: 278.315 GC heap after
Heap after GC invocations=25 (full 3):
 PSYoungGen      total 88064K, used 14329K [0x00000000e0000000, 0x00000000e7080000, 0x0000000100000000)
  eden space 73728K, 0% used [0x00000000e0000000,0x00000000e0000000,0x00000000e4800000)
  from space 14336K, 99% used [0x00000000e5800000,0x00000000e65fe4f0,0x00000000e6600000)
  to   space 16384K, 0% used [0x00000000e4800000,0x00000000e4800000,0x00000000e5800000)
 ParOldGen       total 99328K, used 30009K [0x00000000a0000000, 0x00000000a6100000, 0x00000000e0000000)
  object space 99328K, 30% used [0x00000000a0000000,0x00000000a1d4e698,0x00000000a6100000)
 Metaspace       used 63676K, capacity 66016K, committed 66176K, reserved 1105920K
  class space    used 8479K, capacity 9014K, committed 9088K, reserved 1048576K
}
Event: 280.350 GC heap before
{Heap before GC invocations=26 (full 3):
 PSYoungGen      total 88064K, used 88057K [0x00000000e0000000, 0x00000000e7080000, 0x0000000100000000)
  eden space 73728K, 100% used [0x00000000e0000000,0x00000000e4800000,0x00000000e4800000)
  from space 14336K, 99% used [0x00000000e5800000,0x00000000e65fe4f0,0x00000000e6600000)
  to   space 16384K, 0% used [0x00000000e4800000,0x00000000e4800000,0x00000000e5800000)
 ParOldGen       total 99328K, used 30009K [0x00000000a0000000, 0x00000000a6100000, 0x00000000e0000000)
  object space 99328K, 30% used [0x00000000a0000000,0x00000000a1d4e698,0x00000000a6100000)
 Metaspace       used 64061K, capacity 66556K, committed 66688K, reserved 1107968K
  class space    used 8519K, capacity 9066K, committed 9088K, reserved 1048576K
Event: 280.369 GC heap after
Heap after GC invocations=26 (full 3):
 PSYoungGen      total 90112K, used 16361K [0x00000000e0000000, 0x00000000e7d00000, 0x0000000100000000)
  eden space 73728K, 0% used [0x00000000e0000000,0x00000000e0000000,0x00000000e4800000)
  from space 16384K, 99% used [0x00000000e4800000,0x00000000e57fa500,0x00000000e5800000)
  to   space 19456K, 0% used [0x00000000e6a00000,0x00000000e6a00000,0x00000000e7d00000)
 ParOldGen       total 99328K, used 32390K [0x00000000a0000000, 0x00000000a6100000, 0x00000000e0000000)
  object space 99328K, 32% used [0x00000000a0000000,0x00000000a1fa19e8,0x00000000a6100000)
 Metaspace       used 64061K, capacity 66556K, committed 66688K, reserved 1107968K
  class space    used 8519K, capacity 9066K, committed 9088K, reserved 1048576K
}
Event: 281.680 GC heap before
{Heap before GC invocations=27 (full 3):
 PSYoungGen      total 90112K, used 90089K [0x00000000e0000000, 0x00000000e7d00000, 0x0000000100000000)
  eden space 73728K, 100% used [0x00000000e0000000,0x00000000e4800000,0x00000000e4800000)
  from space 16384K, 99% used [0x00000000e4800000,0x00000000e57fa500,0x00000000e5800000)
  to   space 19456K, 0% used [0x00000000e6a00000,0x00000000e6a00000,0x00000000e7d00000)
 ParOldGen       total 99328K, used 32390K [0x00000000a0000000, 0x00000000a6100000, 0x00000000e0000000)
  object space 99328K, 32% used [0x00000000a0000000,0x00000000a1fa19e8,0x00000000a6100000)
 Metaspace       used 67524K, capacity 70112K, committed 70400K, reserved 1110016K
  class space    used 9077K, capacity 9624K, committed 9728K, reserved 1048576K
Event: 281.704 GC heap after
Heap after GC invocations=27 (full 3):
 PSYoungGen      total 105984K, used 18455K [0x00000000e0000000, 0x00000000e8500000, 0x0000000100000000)
  eden space 86528K, 0% used [0x00000000e0000000,0x00000000e0000000,0x00000000e5480000)
  from space 19456K, 94% used [0x00000000e6a00000,0x00000000e7c05f78,0x00000000e7d00000)
  to   space 22016K, 0% used [0x00000000e5480000,0x00000000e5480000,0x00000000e6a00000)
 ParOldGen       total 99328K, used 35247K [0x00000000a0000000, 0x00000000a6100000, 0x00000000e0000000)
  object space 99328K, 35% used [0x00000000a0000000,0x00000000a226bc58,0x00000000a6100000)
 Metaspace       used 67524K, capacity 70112K, committed 70400K, reserved 1110016K
  class space    used 9077K, capacity 9624K, committed 9728K, reserved 1048576K
}

